<?xml version="1.0" encoding="UTF-8"?>
<coverage generated="1635095930359" clover="3.2.0">
  <project timestamp="1635095930359" name="All files">
    <metrics statements="92" coveredstatements="92" conditionals="43" coveredconditionals="43" methods="34" coveredmethods="34" elements="169" coveredelements="169" complexity="0" loc="92" ncloc="92" packages="13" files="14" classes="14"/>
    <package name="src">
      <metrics statements="2" coveredstatements="2" conditionals="0" coveredconditionals="0" methods="1" coveredmethods="1"/>
      <file name="App.js" path="/Users/alejandrouray/Documents/Projects/ML-Finder-Test/src/App.js">
        <metrics statements="1" coveredstatements="1" conditionals="0" coveredconditionals="0" methods="1" coveredmethods="1"/>
        <line num="18" count="1" type="stmt"/>
      </file>
      <file name="index.js" path="/Users/alejandrouray/Documents/Projects/ML-Finder-Test/src/index.js">
        <metrics statements="1" coveredstatements="1" conditionals="0" coveredconditionals="0" methods="0" coveredmethods="0"/>
        <line num="7" count="1" type="stmt"/>
      </file>
    </package>
    <package name="src.components.Breadcrumb">
      <metrics statements="10" coveredstatements="10" conditionals="7" coveredconditionals="7" methods="3" coveredmethods="3"/>
      <file name="Breadcrumb.jsx" path="/Users/alejandrouray/Documents/Projects/ML-Finder-Test/src/components/Breadcrumb/Breadcrumb.jsx">
        <metrics statements="10" coveredstatements="10" conditionals="7" coveredconditionals="7" methods="3" coveredmethods="3"/>
        <line num="6" count="5" type="stmt"/>
        <line num="7" count="11" type="stmt"/>
        <line num="8" count="11" type="stmt"/>
        <line num="10" count="11" type="stmt"/>
        <line num="11" count="9" type="cond" truecount="4" falsecount="0"/>
        <line num="12" count="6" type="stmt"/>
        <line num="13" count="2" type="stmt"/>
        <line num="17" count="11" type="stmt"/>
        <line num="24" count="5" type="stmt"/>
        <line num="28" count="5" type="stmt"/>
      </file>
    </package>
    <package name="src.components.Error">
      <metrics statements="2" coveredstatements="2" conditionals="0" coveredconditionals="0" methods="1" coveredmethods="1"/>
      <file name="Error.jsx" path="/Users/alejandrouray/Documents/Projects/ML-Finder-Test/src/components/Error/Error.jsx">
        <metrics statements="2" coveredstatements="2" conditionals="0" coveredconditionals="0" methods="1" coveredmethods="1"/>
        <line num="4" count="3" type="stmt"/>
        <line num="5" count="4" type="stmt"/>
      </file>
    </package>
    <package name="src.components.Loading">
      <metrics statements="2" coveredstatements="2" conditionals="0" coveredconditionals="0" methods="1" coveredmethods="1"/>
      <file name="Loading.jsx" path="/Users/alejandrouray/Documents/Projects/ML-Finder-Test/src/components/Loading/Loading.jsx">
        <metrics statements="2" coveredstatements="2" conditionals="0" coveredconditionals="0" methods="1" coveredmethods="1"/>
        <line num="5" count="4" type="stmt"/>
        <line num="6" count="3" type="stmt"/>
      </file>
    </package>
    <package name="src.components.ProductList">
      <metrics statements="4" coveredstatements="4" conditionals="4" coveredconditionals="4" methods="2" coveredmethods="2"/>
      <file name="ProductList.jsx" path="/Users/alejandrouray/Documents/Projects/ML-Finder-Test/src/components/ProductList/ProductList.jsx">
        <metrics statements="4" coveredstatements="4" conditionals="4" coveredconditionals="4" methods="2" coveredmethods="2"/>
        <line num="6" count="4" type="cond" truecount="4" falsecount="0"/>
        <line num="9" count="12" type="stmt"/>
        <line num="22" count="4" type="stmt"/>
        <line num="34" count="4" type="stmt"/>
      </file>
    </package>
    <package name="src.components.ProductListItem">
      <metrics statements="6" coveredstatements="6" conditionals="2" coveredconditionals="2" methods="2" coveredmethods="2"/>
      <file name="ProductListItem.jsx" path="/Users/alejandrouray/Documents/Projects/ML-Finder-Test/src/components/ProductListItem/ProductListItem.jsx">
        <metrics statements="6" coveredstatements="6" conditionals="2" coveredconditionals="2" methods="2" coveredmethods="2"/>
        <line num="7" count="5" type="stmt"/>
        <line num="10" count="14" type="stmt"/>
        <line num="11" count="14" type="stmt"/>
        <line num="13" count="14" type="stmt"/>
        <line num="38" count="5" type="stmt"/>
        <line num="47" count="5" type="stmt"/>
      </file>
    </package>
    <package name="src.components.SearchBar">
      <metrics statements="11" coveredstatements="11" conditionals="4" coveredconditionals="4" methods="5" coveredmethods="5"/>
      <file name="SearchBar.jsx" path="/Users/alejandrouray/Documents/Projects/ML-Finder-Test/src/components/SearchBar/SearchBar.jsx">
        <metrics statements="11" coveredstatements="11" conditionals="4" coveredconditionals="4" methods="5" coveredmethods="5"/>
        <line num="5" count="3" type="stmt"/>
        <line num="6" count="9" type="stmt"/>
        <line num="7" count="9" type="stmt"/>
        <line num="9" count="9" type="cond" truecount="2" falsecount="0"/>
        <line num="10" count="9" type="stmt"/>
        <line num="11" count="9" type="cond" truecount="2" falsecount="0"/>
        <line num="13" count="9" type="stmt"/>
        <line num="14" count="1" type="stmt"/>
        <line num="15" count="1" type="stmt"/>
        <line num="16" count="1" type="stmt"/>
        <line num="19" count="9" type="stmt"/>
      </file>
    </package>
    <package name="src.context">
      <metrics statements="16" coveredstatements="16" conditionals="2" coveredconditionals="2" methods="4" coveredmethods="4"/>
      <file name="globalContext.jsx" path="/Users/alejandrouray/Documents/Projects/ML-Finder-Test/src/context/globalContext.jsx">
        <metrics statements="16" coveredstatements="16" conditionals="2" coveredconditionals="2" methods="4" coveredmethods="4"/>
        <line num="5" count="5" type="stmt"/>
        <line num="7" count="5" type="stmt"/>
        <line num="8" count="15" type="stmt"/>
        <line num="9" count="15" type="stmt"/>
        <line num="11" count="15" type="stmt"/>
        <line num="12" count="3" type="stmt"/>
        <line num="13" count="3" type="stmt"/>
        <line num="14" count="3" type="stmt"/>
        <line num="16" count="3" type="stmt"/>
        <line num="19" count="15" type="stmt"/>
        <line num="26" count="15" type="stmt"/>
        <line num="29" count="5" type="stmt"/>
        <line num="30" count="24" type="stmt"/>
        <line num="31" count="24" type="cond" truecount="2" falsecount="0"/>
        <line num="32" count="1" type="stmt"/>
        <line num="35" count="23" type="stmt"/>
      </file>
    </package>
    <package name="src.pages.Home">
      <metrics statements="2" coveredstatements="2" conditionals="0" coveredconditionals="0" methods="1" coveredmethods="1"/>
      <file name="Home.jsx" path="/Users/alejandrouray/Documents/Projects/ML-Finder-Test/src/pages/Home/Home.jsx">
        <metrics statements="2" coveredstatements="2" conditionals="0" coveredconditionals="0" methods="1" coveredmethods="1"/>
        <line num="4" count="2" type="stmt"/>
        <line num="5" count="1" type="stmt"/>
      </file>
    </package>
    <package name="src.pages.NotFound">
      <metrics statements="2" coveredstatements="2" conditionals="0" coveredconditionals="0" methods="1" coveredmethods="1"/>
      <file name="NotFound.jsx" path="/Users/alejandrouray/Documents/Projects/ML-Finder-Test/src/pages/NotFound/NotFound.jsx">
        <metrics statements="2" coveredstatements="2" conditionals="0" coveredconditionals="0" methods="1" coveredmethods="1"/>
        <line num="4" count="3" type="stmt"/>
        <line num="5" count="1" type="stmt"/>
      </file>
    </package>
    <package name="src.pages.Product">
      <metrics statements="13" coveredstatements="13" conditionals="8" coveredconditionals="8" methods="4" coveredmethods="4"/>
      <file name="Product.jsx" path="/Users/alejandrouray/Documents/Projects/ML-Finder-Test/src/pages/Product/Product.jsx">
        <metrics statements="13" coveredstatements="13" conditionals="8" coveredconditionals="8" methods="4" coveredmethods="4"/>
        <line num="14" count="3" type="stmt"/>
        <line num="15" count="7" type="stmt"/>
        <line num="16" count="7" type="stmt"/>
        <line num="17" count="7" type="stmt"/>
        <line num="18" count="7" type="stmt"/>
        <line num="20" count="7" type="stmt"/>
        <line num="21" count="2" type="stmt"/>
        <line num="22" count="2" type="stmt"/>
        <line num="23" count="2" type="stmt"/>
        <line num="26" count="2" type="cond" truecount="2" falsecount="0"/>
        <line num="27" count="1" type="stmt"/>
        <line num="30" count="2" type="cond" truecount="2" falsecount="0"/>
        <line num="33" count="7" type="stmt"/>
      </file>
    </package>
    <package name="src.pages.Search">
      <metrics statements="14" coveredstatements="14" conditionals="12" coveredconditionals="12" methods="4" coveredmethods="4"/>
      <file name="Search.jsx" path="/Users/alejandrouray/Documents/Projects/ML-Finder-Test/src/pages/Search/Search.jsx">
        <metrics statements="14" coveredstatements="14" conditionals="12" coveredconditionals="12" methods="4" coveredmethods="4"/>
        <line num="13" count="3" type="stmt"/>
        <line num="14" count="6" type="stmt"/>
        <line num="15" count="6" type="stmt"/>
        <line num="17" count="6" type="stmt"/>
        <line num="18" count="6" type="stmt"/>
        <line num="19" count="6" type="cond" truecount="2" falsecount="0"/>
        <line num="21" count="6" type="stmt"/>
        <line num="22" count="2" type="stmt"/>
        <line num="23" count="1" type="stmt"/>
        <line num="24" count="1" type="stmt"/>
        <line num="27" count="1" type="stmt"/>
        <line num="28" count="1" type="stmt"/>
        <line num="31" count="2" type="cond" truecount="4" falsecount="0"/>
        <line num="34" count="6" type="stmt"/>
      </file>
    </package>
    <package name="src.utils">
      <metrics statements="8" coveredstatements="8" conditionals="4" coveredconditionals="4" methods="5" coveredmethods="5"/>
      <file name="index.js" path="/Users/alejandrouray/Documents/Projects/ML-Finder-Test/src/utils/index.js">
        <metrics statements="8" coveredstatements="8" conditionals="4" coveredconditionals="4" methods="5" coveredmethods="5"/>
        <line num="3" count="7" type="stmt"/>
        <line num="5" count="7" type="stmt"/>
        <line num="7" count="19" type="stmt"/>
        <line num="19" count="7" type="stmt"/>
        <line num="21" count="7" type="stmt"/>
        <line num="22" count="4" type="stmt"/>
        <line num="27" count="4" type="cond" truecount="2" falsecount="0"/>
        <line num="30" count="7" type="cond" truecount="2" falsecount="0"/>
      </file>
    </package>
  </project>
</coverage>
