{"/Users/alejandrouray/Documents/Projects/ML-Finder-Test/src/App.jsx": {"path":"/Users/alejandrouray/Documents/Projects/ML-Finder-Test/src/App.jsx","statementMap":{"0":{"start":{"line":18,"column":2},"end":{"line":41,"column":4}}},"fnMap":{"0":{"name":"App","decl":{"start":{"line":17,"column":24},"end":{"line":17,"column":27}},"loc":{"start":{"line":17,"column":30},"end":{"line":42,"column":1}},"line":17}},"branchMap":{},"s":{"0":0},"f":{"0":0},"b":{}}
,"/Users/alejandrouray/Documents/Projects/ML-Finder-Test/src/index.jsx": {"path":"/Users/alejandrouray/Documents/Projects/ML-Finder-Test/src/index.jsx","statementMap":{"0":{"start":{"line":7,"column":0},"end":{"line":12,"column":2}}},"fnMap":{},"branchMap":{},"s":{"0":0},"f":{},"b":{}}
,"/Users/alejandrouray/Documents/Projects/ML-Finder-Test/src/context/globalContext.jsx": {"path":"/Users/alejandrouray/Documents/Projects/ML-Finder-Test/src/context/globalContext.jsx","statementMap":{"0":{"start":{"line":5,"column":22},"end":{"line":5,"column":37}},"1":{"start":{"line":7,"column":30},"end":{"line":27,"column":1}},"2":{"start":{"line":8,"column":38},"end":{"line":8,"column":52}},"3":{"start":{"line":9,"column":32},"end":{"line":9,"column":47}},"4":{"start":{"line":11,"column":24},"end":{"line":17,"column":3}},"5":{"start":{"line":12,"column":4},"end":{"line":12,"column":21}},"6":{"start":{"line":13,"column":21},"end":{"line":13,"column":38}},"7":{"start":{"line":14,"column":4},"end":{"line":14,"column":22}},"8":{"start":{"line":16,"column":4},"end":{"line":16,"column":20}},"9":{"start":{"line":19,"column":16},"end":{"line":24,"column":28}},"10":{"start":{"line":19,"column":31},"end":{"line":24,"column":3}},"11":{"start":{"line":26,"column":2},"end":{"line":26,"column":61}},"12":{"start":{"line":29,"column":32},"end":{"line":36,"column":1}},"13":{"start":{"line":30,"column":18},"end":{"line":30,"column":43}},"14":{"start":{"line":31,"column":2},"end":{"line":33,"column":3}},"15":{"start":{"line":32,"column":4},"end":{"line":32,"column":17}},"16":{"start":{"line":35,"column":2},"end":{"line":35,"column":17}}},"fnMap":{"0":{"name":"(anonymous_0)","decl":{"start":{"line":7,"column":30},"end":{"line":7,"column":31}},"loc":{"start":{"line":7,"column":41},"end":{"line":27,"column":1}},"line":7},"1":{"name":"(anonymous_1)","decl":{"start":{"line":11,"column":24},"end":{"line":11,"column":25}},"loc":{"start":{"line":11,"column":45},"end":{"line":17,"column":3}},"line":11},"2":{"name":"(anonymous_2)","decl":{"start":{"line":19,"column":24},"end":{"line":19,"column":25}},"loc":{"start":{"line":19,"column":31},"end":{"line":24,"column":3}},"line":19},"3":{"name":"(anonymous_3)","decl":{"start":{"line":29,"column":32},"end":{"line":29,"column":33}},"loc":{"start":{"line":29,"column":38},"end":{"line":36,"column":1}},"line":29}},"branchMap":{"0":{"loc":{"start":{"line":31,"column":2},"end":{"line":33,"column":3}},"type":"if","locations":[{"start":{"line":31,"column":2},"end":{"line":33,"column":3}},{"start":{},"end":{}}],"line":31}},"s":{"0":3,"1":3,"2":14,"3":14,"4":14,"5":3,"6":3,"7":3,"8":3,"9":14,"10":13,"11":14,"12":3,"13":24,"14":24,"15":1,"16":23},"f":{"0":14,"1":3,"2":13,"3":24},"b":{"0":[1,23]},"_coverageSchema":"1a1c01bbd47fc00a2c39e90264f33305004495a9","hash":"4574312effbbb80493bc2df1e5006d0e70f0af3a"}
,"/Users/alejandrouray/Documents/Projects/ML-Finder-Test/src/utils/index.js": {"path":"/Users/alejandrouray/Documents/Projects/ML-Finder-Test/src/utils/index.js","statementMap":{"0":{"start":{"line":3,"column":35},"end":{"line":3,"column":46}},"1":{"start":{"line":5,"column":24},"end":{"line":5,"column":101}},"2":{"start":{"line":5,"column":39},"end":{"line":5,"column":101}},"3":{"start":{"line":7,"column":30},"end":{"line":14,"column":20}},"4":{"start":{"line":7,"column":41},"end":{"line":14,"column":20}},"5":{"start":{"line":16,"column":24},"end":{"line":16,"column":71}},"6":{"start":{"line":16,"column":30},"end":{"line":16,"column":71}},"7":{"start":{"line":18,"column":28},"end":{"line":25,"column":1}},"8":{"start":{"line":19,"column":21},"end":{"line":22,"column":3}},"9":{"start":{"line":24,"column":2},"end":{"line":24,"column":40}},"10":{"start":{"line":27,"column":30},"end":{"line":27,"column":104}},"11":{"start":{"line":27,"column":47},"end":{"line":27,"column":104}}},"fnMap":{"0":{"name":"(anonymous_0)","decl":{"start":{"line":5,"column":24},"end":{"line":5,"column":25}},"loc":{"start":{"line":5,"column":39},"end":{"line":5,"column":101}},"line":5},"1":{"name":"(anonymous_1)","decl":{"start":{"line":7,"column":30},"end":{"line":7,"column":31}},"loc":{"start":{"line":7,"column":41},"end":{"line":14,"column":20}},"line":7},"2":{"name":"(anonymous_2)","decl":{"start":{"line":16,"column":24},"end":{"line":16,"column":25}},"loc":{"start":{"line":16,"column":30},"end":{"line":16,"column":71}},"line":16},"3":{"name":"(anonymous_3)","decl":{"start":{"line":18,"column":28},"end":{"line":18,"column":29}},"loc":{"start":{"line":18,"column":41},"end":{"line":25,"column":1}},"line":18},"4":{"name":"(anonymous_4)","decl":{"start":{"line":27,"column":30},"end":{"line":27,"column":31}},"loc":{"start":{"line":27,"column":47},"end":{"line":27,"column":104}},"line":27}},"branchMap":{"0":{"loc":{"start":{"line":24,"column":9},"end":{"line":24,"column":39}},"type":"binary-expr","locations":[{"start":{"line":24,"column":9},"end":{"line":24,"column":28}},{"start":{"line":24,"column":32},"end":{"line":24,"column":39}}],"line":24},"1":{"loc":{"start":{"line":27,"column":47},"end":{"line":27,"column":104}},"type":"binary-expr","locations":[{"start":{"line":27,"column":47},"end":{"line":27,"column":58}},{"start":{"line":27,"column":62},"end":{"line":27,"column":104}}],"line":27}},"s":{"0":3,"1":3,"2":3,"3":3,"4":3,"5":3,"6":1,"7":3,"8":4,"9":4,"10":3,"11":3},"f":{"0":3,"1":3,"2":1,"3":4,"4":3},"b":{"0":[4,1],"1":[3,1]},"_coverageSchema":"1a1c01bbd47fc00a2c39e90264f33305004495a9","hash":"9715c48f6b62d9575ef29885c4a039252159574c"}
}
