{"/Users/alejandrouray/Documents/Projects/ML-Finder-Test/src/components/Breadcrumb/Breadcrumb.jsx": {"path":"/Users/alejandrouray/Documents/Projects/ML-Finder-Test/src/components/Breadcrumb/Breadcrumb.jsx","statementMap":{"0":{"start":{"line":5,"column":19},"end":{"line":22,"column":1}},"1":{"start":{"line":6,"column":42},"end":{"line":6,"column":60}},"2":{"start":{"line":7,"column":31},"end":{"line":7,"column":102}},"3":{"start":{"line":9,"column":4},"end":{"line":14,"column":48}},"4":{"start":{"line":10,"column":8},"end":{"line":13,"column":9}},"5":{"start":{"line":11,"column":12},"end":{"line":11,"column":80}},"6":{"start":{"line":11,"column":64},"end":{"line":11,"column":77}},"7":{"start":{"line":12,"column":12},"end":{"line":12,"column":59}},"8":{"start":{"line":17,"column":4},"end":{"line":21,"column":6}}},"fnMap":{"0":{"name":"(anonymous_0)","decl":{"start":{"line":5,"column":19},"end":{"line":5,"column":20}},"loc":{"start":{"line":5,"column":44},"end":{"line":22,"column":1}},"line":5},"1":{"name":"(anonymous_1)","decl":{"start":{"line":9,"column":14},"end":{"line":9,"column":15}},"loc":{"start":{"line":9,"column":20},"end":{"line":14,"column":5}},"line":9},"2":{"name":"(anonymous_2)","decl":{"start":{"line":11,"column":55},"end":{"line":11,"column":56}},"loc":{"start":{"line":11,"column":64},"end":{"line":11,"column":77}},"line":11}},"branchMap":{"0":{"loc":{"start":{"line":5,"column":22},"end":{"line":5,"column":37}},"type":"default-arg","locations":[{"start":{"line":5,"column":35},"end":{"line":5,"column":37}}],"line":5},"1":{"loc":{"start":{"line":10,"column":8},"end":{"line":13,"column":9}},"type":"if","locations":[{"start":{"line":10,"column":8},"end":{"line":13,"column":9}},{"start":{},"end":{}}],"line":10},"2":{"loc":{"start":{"line":10,"column":12},"end":{"line":10,"column":46}},"type":"binary-expr","locations":[{"start":{"line":10,"column":12},"end":{"line":10,"column":29}},{"start":{"line":10,"column":33},"end":{"line":10,"column":46}}],"line":10},"3":{"loc":{"start":{"line":19,"column":13},"end":{"line":19,"column":83}},"type":"binary-expr","locations":[{"start":{"line":19,"column":13},"end":{"line":19,"column":23}},{"start":{"line":19,"column":27},"end":{"line":19,"column":61}},{"start":{"line":19,"column":65},"end":{"line":19,"column":83}}],"line":19}},"s":{"0":3,"1":11,"2":11,"3":11,"4":11,"5":2,"6":6,"7":2,"8":11},"f":{"0":11,"1":11,"2":6},"b":{"0":[7],"1":[2,9],"2":[11,3],"3":[11,10,10]},"_coverageSchema":"1a1c01bbd47fc00a2c39e90264f33305004495a9","hash":"2b2f97416bc842d674075e01dbcf33ca042a91a7"}
,"/Users/alejandrouray/Documents/Projects/ML-Finder-Test/src/components/Loading/Loading.jsx": {"path":"/Users/alejandrouray/Documents/Projects/ML-Finder-Test/src/components/Loading/Loading.jsx","statementMap":{"0":{"start":{"line":5,"column":16},"end":{"line":14,"column":1}},"1":{"start":{"line":6,"column":4},"end":{"line":13,"column":10}}},"fnMap":{"0":{"name":"(anonymous_0)","decl":{"start":{"line":5,"column":16},"end":{"line":5,"column":17}},"loc":{"start":{"line":6,"column":4},"end":{"line":13,"column":10}},"line":6}},"branchMap":{},"s":{"0":2,"1":3},"f":{"0":3},"b":{},"_coverageSchema":"1a1c01bbd47fc00a2c39e90264f33305004495a9","hash":"aa1026f06d004fa4f4fe7cd9da132769afe1da6f"}
,"/Users/alejandrouray/Documents/Projects/ML-Finder-Test/src/components/ProductList/ProductList.jsx": {"path":"/Users/alejandrouray/Documents/Projects/ML-Finder-Test/src/components/ProductList/ProductList.jsx","statementMap":{"0":{"start":{"line":5,"column":20},"end":{"line":19,"column":13}},"1":{"start":{"line":6,"column":4},"end":{"line":19,"column":13}},"2":{"start":{"line":9,"column":16},"end":{"line":16,"column":18}}},"fnMap":{"0":{"name":"(anonymous_0)","decl":{"start":{"line":5,"column":20},"end":{"line":5,"column":21}},"loc":{"start":{"line":6,"column":4},"end":{"line":19,"column":13}},"line":6},"1":{"name":"(anonymous_1)","decl":{"start":{"line":8,"column":26},"end":{"line":8,"column":27}},"loc":{"start":{"line":9,"column":16},"end":{"line":16,"column":18}},"line":9}},"branchMap":{"0":{"loc":{"start":{"line":6,"column":4},"end":{"line":19,"column":13}},"type":"cond-expr","locations":[{"start":{"line":7,"column":8},"end":{"line":18,"column":14}},{"start":{"line":19,"column":8},"end":{"line":19,"column":13}}],"line":6},"1":{"loc":{"start":{"line":6,"column":4},"end":{"line":6,"column":46}},"type":"binary-expr","locations":[{"start":{"line":6,"column":4},"end":{"line":6,"column":19}},{"start":{"line":6,"column":23},"end":{"line":6,"column":46}}],"line":6}},"s":{"0":2,"1":6,"2":12},"f":{"0":6,"1":12},"b":{"0":[3,3],"1":[6,4]},"_coverageSchema":"1a1c01bbd47fc00a2c39e90264f33305004495a9","hash":"fb5e9d4dbfa3e6a5a9c5444124580104f0af58e7"}
,"/Users/alejandrouray/Documents/Projects/ML-Finder-Test/src/components/ProductListItem/ProductListItem.jsx": {"path":"/Users/alejandrouray/Documents/Projects/ML-Finder-Test/src/components/ProductListItem/ProductListItem.jsx","statementMap":{"0":{"start":{"line":5,"column":24},"end":{"line":24,"column":1}},"1":{"start":{"line":6,"column":20},"end":{"line":6,"column":32}},"2":{"start":{"line":7,"column":24},"end":{"line":7,"column":58}},"3":{"start":{"line":7,"column":30},"end":{"line":7,"column":58}},"4":{"start":{"line":9,"column":4},"end":{"line":23,"column":6}}},"fnMap":{"0":{"name":"(anonymous_0)","decl":{"start":{"line":5,"column":24},"end":{"line":5,"column":25}},"loc":{"start":{"line":5,"column":66},"end":{"line":24,"column":1}},"line":5},"1":{"name":"(anonymous_1)","decl":{"start":{"line":7,"column":24},"end":{"line":7,"column":25}},"loc":{"start":{"line":7,"column":30},"end":{"line":7,"column":58}},"line":7}},"branchMap":{},"s":{"0":3,"1":14,"2":14,"3":2,"4":14},"f":{"0":14,"1":2},"b":{},"_coverageSchema":"1a1c01bbd47fc00a2c39e90264f33305004495a9","hash":"69f4bacd9ca34282ffe3da8757d3a7b45d65ba20"}
,"/Users/alejandrouray/Documents/Projects/ML-Finder-Test/src/components/SearchBar/SearchBar.jsx": {"path":"/Users/alejandrouray/Documents/Projects/ML-Finder-Test/src/components/SearchBar/SearchBar.jsx","statementMap":{"0":{"start":{"line":6,"column":18},"end":{"line":42,"column":1}},"1":{"start":{"line":7,"column":20},"end":{"line":7,"column":32}},"2":{"start":{"line":8,"column":30},"end":{"line":8,"column":40}},"3":{"start":{"line":10,"column":21},"end":{"line":13,"column":5}},"4":{"start":{"line":11,"column":8},"end":{"line":11,"column":33}},"5":{"start":{"line":11,"column":20},"end":{"line":11,"column":33}},"6":{"start":{"line":12,"column":8},"end":{"line":12,"column":48}},"7":{"start":{"line":15,"column":21},"end":{"line":15,"column":52}},"8":{"start":{"line":15,"column":28},"end":{"line":15,"column":52}},"9":{"start":{"line":16,"column":19},"end":{"line":20,"column":5}},"10":{"start":{"line":17,"column":8},"end":{"line":17,"column":21}},"11":{"start":{"line":18,"column":8},"end":{"line":18,"column":75}},"12":{"start":{"line":19,"column":8},"end":{"line":19,"column":26}},"13":{"start":{"line":21,"column":26},"end":{"line":21,"column":72}},"14":{"start":{"line":21,"column":37},"end":{"line":21,"column":72}},"15":{"start":{"line":23,"column":4},"end":{"line":41,"column":6}}},"fnMap":{"0":{"name":"(anonymous_0)","decl":{"start":{"line":6,"column":18},"end":{"line":6,"column":19}},"loc":{"start":{"line":6,"column":24},"end":{"line":42,"column":1}},"line":6},"1":{"name":"(anonymous_1)","decl":{"start":{"line":10,"column":21},"end":{"line":10,"column":22}},"loc":{"start":{"line":10,"column":27},"end":{"line":13,"column":5}},"line":10},"2":{"name":"(anonymous_2)","decl":{"start":{"line":15,"column":21},"end":{"line":15,"column":22}},"loc":{"start":{"line":15,"column":28},"end":{"line":15,"column":52}},"line":15},"3":{"name":"(anonymous_3)","decl":{"start":{"line":16,"column":19},"end":{"line":16,"column":20}},"loc":{"start":{"line":16,"column":25},"end":{"line":20,"column":5}},"line":16},"4":{"name":"(anonymous_4)","decl":{"start":{"line":21,"column":26},"end":{"line":21,"column":27}},"loc":{"start":{"line":21,"column":37},"end":{"line":21,"column":72}},"line":21}},"branchMap":{"0":{"loc":{"start":{"line":11,"column":8},"end":{"line":11,"column":33}},"type":"if","locations":[{"start":{"line":11,"column":8},"end":{"line":11,"column":33}},{"start":{},"end":{}}],"line":11},"1":{"loc":{"start":{"line":21,"column":37},"end":{"line":21,"column":72}},"type":"binary-expr","locations":[{"start":{"line":21,"column":37},"end":{"line":21,"column":58}},{"start":{"line":21,"column":62},"end":{"line":21,"column":72}}],"line":21}},"s":{"0":1,"1":8,"2":8,"3":8,"4":3,"5":1,"6":2,"7":8,"8":3,"9":8,"10":1,"11":1,"12":1,"13":8,"14":1,"15":8},"f":{"0":8,"1":3,"2":3,"3":1,"4":1},"b":{"0":[1,2],"1":[1,1]},"_coverageSchema":"1a1c01bbd47fc00a2c39e90264f33305004495a9","hash":"420e83fa2563bd141ddb62ff9b24599d02d02736"}
,"/Users/alejandrouray/Documents/Projects/ML-Finder-Test/src/context/globalContext.jsx": {"path":"/Users/alejandrouray/Documents/Projects/ML-Finder-Test/src/context/globalContext.jsx","statementMap":{"0":{"start":{"line":5,"column":22},"end":{"line":5,"column":37}},"1":{"start":{"line":7,"column":30},"end":{"line":27,"column":1}},"2":{"start":{"line":8,"column":40},"end":{"line":8,"column":54}},"3":{"start":{"line":9,"column":34},"end":{"line":9,"column":49}},"4":{"start":{"line":11,"column":26},"end":{"line":17,"column":5}},"5":{"start":{"line":12,"column":8},"end":{"line":12,"column":25}},"6":{"start":{"line":13,"column":25},"end":{"line":13,"column":42}},"7":{"start":{"line":14,"column":8},"end":{"line":14,"column":26}},"8":{"start":{"line":16,"column":8},"end":{"line":16,"column":24}},"9":{"start":{"line":19,"column":18},"end":{"line":24,"column":30}},"10":{"start":{"line":19,"column":33},"end":{"line":24,"column":5}},"11":{"start":{"line":26,"column":4},"end":{"line":26,"column":63}},"12":{"start":{"line":29,"column":32},"end":{"line":36,"column":1}},"13":{"start":{"line":30,"column":20},"end":{"line":30,"column":45}},"14":{"start":{"line":31,"column":4},"end":{"line":33,"column":5}},"15":{"start":{"line":32,"column":8},"end":{"line":32,"column":21}},"16":{"start":{"line":35,"column":4},"end":{"line":35,"column":19}}},"fnMap":{"0":{"name":"(anonymous_0)","decl":{"start":{"line":7,"column":30},"end":{"line":7,"column":31}},"loc":{"start":{"line":7,"column":41},"end":{"line":27,"column":1}},"line":7},"1":{"name":"(anonymous_1)","decl":{"start":{"line":11,"column":26},"end":{"line":11,"column":27}},"loc":{"start":{"line":11,"column":47},"end":{"line":17,"column":5}},"line":11},"2":{"name":"(anonymous_2)","decl":{"start":{"line":19,"column":26},"end":{"line":19,"column":27}},"loc":{"start":{"line":19,"column":33},"end":{"line":24,"column":5}},"line":19},"3":{"name":"(anonymous_3)","decl":{"start":{"line":29,"column":32},"end":{"line":29,"column":33}},"loc":{"start":{"line":29,"column":38},"end":{"line":36,"column":1}},"line":29}},"branchMap":{"0":{"loc":{"start":{"line":31,"column":4},"end":{"line":33,"column":5}},"type":"if","locations":[{"start":{"line":31,"column":4},"end":{"line":33,"column":5}},{"start":{},"end":{}}],"line":31}},"s":{"0":3,"1":3,"2":14,"3":14,"4":14,"5":3,"6":3,"7":3,"8":3,"9":14,"10":13,"11":14,"12":3,"13":24,"14":24,"15":1,"16":23},"f":{"0":14,"1":3,"2":13,"3":24},"b":{"0":[1,23]},"_coverageSchema":"1a1c01bbd47fc00a2c39e90264f33305004495a9","hash":"00ffae48cf7950a02c9150b0c06b8dccdf59fe18"}
,"/Users/alejandrouray/Documents/Projects/ML-Finder-Test/src/pages/NotFound/NotFound.jsx": {"path":"/Users/alejandrouray/Documents/Projects/ML-Finder-Test/src/pages/NotFound/NotFound.jsx","statementMap":{"0":{"start":{"line":4,"column":17},"end":{"line":12,"column":1}},"1":{"start":{"line":5,"column":4},"end":{"line":11,"column":10}}},"fnMap":{"0":{"name":"(anonymous_0)","decl":{"start":{"line":4,"column":17},"end":{"line":4,"column":18}},"loc":{"start":{"line":5,"column":4},"end":{"line":11,"column":10}},"line":5}},"branchMap":{},"s":{"0":1,"1":1},"f":{"0":1},"b":{},"_coverageSchema":"1a1c01bbd47fc00a2c39e90264f33305004495a9","hash":"96f18950461a7e36a4ec40824ca60b92f803fdc7"}
,"/Users/alejandrouray/Documents/Projects/ML-Finder-Test/src/pages/Product/Product.jsx": {"path":"/Users/alejandrouray/Documents/Projects/ML-Finder-Test/src/pages/Product/Product.jsx","statementMap":{"0":{"start":{"line":10,"column":16},"end":{"line":70,"column":1}},"1":{"start":{"line":11,"column":20},"end":{"line":11,"column":32}},"2":{"start":{"line":12,"column":19},"end":{"line":12,"column":30}},"3":{"start":{"line":13,"column":34},"end":{"line":13,"column":46}},"4":{"start":{"line":14,"column":39},"end":{"line":14,"column":57}},"5":{"start":{"line":16,"column":4},"end":{"line":28,"column":11}},"6":{"start":{"line":17,"column":31},"end":{"line":25,"column":9}},"7":{"start":{"line":18,"column":29},"end":{"line":20,"column":13}},"8":{"start":{"line":19,"column":22},"end":{"line":19,"column":45}},"9":{"start":{"line":22,"column":12},"end":{"line":24,"column":44}},"10":{"start":{"line":27,"column":8},"end":{"line":27,"column":40}},"11":{"start":{"line":30,"column":4},"end":{"line":69,"column":5}}},"fnMap":{"0":{"name":"(anonymous_0)","decl":{"start":{"line":10,"column":16},"end":{"line":10,"column":17}},"loc":{"start":{"line":10,"column":22},"end":{"line":70,"column":1}},"line":10},"1":{"name":"(anonymous_1)","decl":{"start":{"line":16,"column":14},"end":{"line":16,"column":15}},"loc":{"start":{"line":16,"column":20},"end":{"line":28,"column":5}},"line":16},"2":{"name":"(anonymous_2)","decl":{"start":{"line":17,"column":31},"end":{"line":17,"column":32}},"loc":{"start":{"line":17,"column":43},"end":{"line":25,"column":9}},"line":17},"3":{"name":"(anonymous_3)","decl":{"start":{"line":19,"column":16},"end":{"line":19,"column":17}},"loc":{"start":{"line":19,"column":22},"end":{"line":19,"column":45}},"line":19}},"branchMap":{"0":{"loc":{"start":{"line":22,"column":12},"end":{"line":24,"column":43}},"type":"cond-expr","locations":[{"start":{"line":23,"column":18},"end":{"line":23,"column":43}},{"start":{"line":24,"column":18},"end":{"line":24,"column":43}}],"line":22},"1":{"loc":{"start":{"line":27,"column":8},"end":{"line":27,"column":39}},"type":"binary-expr","locations":[{"start":{"line":27,"column":8},"end":{"line":27,"column":19}},{"start":{"line":27,"column":23},"end":{"line":27,"column":39}}],"line":27},"2":{"loc":{"start":{"line":32,"column":13},"end":{"line":66,"column":17}},"type":"cond-expr","locations":[{"start":{"line":33,"column":18},"end":{"line":33,"column":29}},{"start":{"line":35,"column":20},"end":{"line":65,"column":23}}],"line":32},"3":{"loc":{"start":{"line":37,"column":25},"end":{"line":64,"column":25}},"type":"binary-expr","locations":[{"start":{"line":37,"column":25},"end":{"line":37,"column":35}},{"start":{"line":38,"column":28},"end":{"line":63,"column":34}}],"line":37}},"s":{"0":1,"1":7,"2":7,"3":7,"4":7,"5":7,"6":2,"7":2,"8":2,"9":2,"10":2,"11":7},"f":{"0":7,"1":2,"2":2,"3":2},"b":{"0":[1,1],"1":[2,2],"2":[2,5],"3":[5,1]},"_coverageSchema":"1a1c01bbd47fc00a2c39e90264f33305004495a9","hash":"11be768f6167ac9eeef6cdb78995f3f35cf6475f"}
,"/Users/alejandrouray/Documents/Projects/ML-Finder-Test/src/pages/Search/Search.jsx": {"path":"/Users/alejandrouray/Documents/Projects/ML-Finder-Test/src/pages/Search/Search.jsx","statementMap":{"0":{"start":{"line":14,"column":15},"end":{"line":51,"column":1}},"1":{"start":{"line":15,"column":18},"end":{"line":15,"column":28}},"2":{"start":{"line":16,"column":39},"end":{"line":16,"column":57}},"3":{"start":{"line":18,"column":34},"end":{"line":18,"column":57}},"4":{"start":{"line":19,"column":38},"end":{"line":19,"column":48}},"5":{"start":{"line":20,"column":19},"end":{"line":20,"column":47}},"6":{"start":{"line":22,"column":4},"end":{"line":33,"column":17}},"7":{"start":{"line":23,"column":31},"end":{"line":30,"column":9}},"8":{"start":{"line":24,"column":29},"end":{"line":26,"column":13}},"9":{"start":{"line":25,"column":22},"end":{"line":25,"column":52}},"10":{"start":{"line":28,"column":12},"end":{"line":28,"column":33}},"11":{"start":{"line":29,"column":12},"end":{"line":29,"column":33}},"12":{"start":{"line":32,"column":8},"end":{"line":32,"column":59}},"13":{"start":{"line":35,"column":4},"end":{"line":50,"column":6}}},"fnMap":{"0":{"name":"(anonymous_0)","decl":{"start":{"line":14,"column":15},"end":{"line":14,"column":16}},"loc":{"start":{"line":14,"column":21},"end":{"line":51,"column":1}},"line":14},"1":{"name":"(anonymous_1)","decl":{"start":{"line":22,"column":14},"end":{"line":22,"column":15}},"loc":{"start":{"line":22,"column":20},"end":{"line":33,"column":5}},"line":22},"2":{"name":"(anonymous_2)","decl":{"start":{"line":23,"column":31},"end":{"line":23,"column":32}},"loc":{"start":{"line":23,"column":43},"end":{"line":30,"column":9}},"line":23},"3":{"name":"(anonymous_3)","decl":{"start":{"line":25,"column":16},"end":{"line":25,"column":17}},"loc":{"start":{"line":25,"column":22},"end":{"line":25,"column":52}},"line":25}},"branchMap":{"0":{"loc":{"start":{"line":20,"column":19},"end":{"line":20,"column":47}},"type":"binary-expr","locations":[{"start":{"line":20,"column":19},"end":{"line":20,"column":24}},{"start":{"line":20,"column":28},"end":{"line":20,"column":47}}],"line":20},"1":{"loc":{"start":{"line":32,"column":8},"end":{"line":32,"column":58}},"type":"binary-expr","locations":[{"start":{"line":32,"column":8},"end":{"line":32,"column":14}},{"start":{"line":32,"column":18},"end":{"line":32,"column":38}},{"start":{"line":32,"column":42},"end":{"line":32,"column":58}}],"line":32},"2":{"loc":{"start":{"line":37,"column":13},"end":{"line":47,"column":17}},"type":"cond-expr","locations":[{"start":{"line":38,"column":18},"end":{"line":38,"column":29}},{"start":{"line":40,"column":20},"end":{"line":46,"column":37}}],"line":37},"3":{"loc":{"start":{"line":40,"column":20},"end":{"line":46,"column":37}},"type":"cond-expr","locations":[{"start":{"line":42,"column":28},"end":{"line":45,"column":31}},{"start":{"line":46,"column":28},"end":{"line":46,"column":37}}],"line":40},"4":{"loc":{"start":{"line":40,"column":20},"end":{"line":40,"column":51}},"type":"binary-expr","locations":[{"start":{"line":40,"column":20},"end":{"line":40,"column":27}},{"start":{"line":40,"column":31},"end":{"line":40,"column":51}}],"line":40}},"s":{"0":1,"1":6,"2":6,"3":6,"4":6,"5":6,"6":6,"7":2,"8":1,"9":1,"10":1,"11":1,"12":2,"13":6},"f":{"0":6,"1":2,"2":1,"3":1},"b":{"0":[6,5],"1":[2,1,1],"2":[1,5],"3":[2,3],"4":[5,5]},"_coverageSchema":"1a1c01bbd47fc00a2c39e90264f33305004495a9","hash":"2504570de1a930ee53e24f4b3a5cd62a51f81791"}
,"/Users/alejandrouray/Documents/Projects/ML-Finder-Test/src/utils/index.js": {"path":"/Users/alejandrouray/Documents/Projects/ML-Finder-Test/src/utils/index.js","statementMap":{"0":{"start":{"line":2,"column":35},"end":{"line":2,"column":46}},"1":{"start":{"line":4,"column":24},"end":{"line":5,"column":64}},"2":{"start":{"line":5,"column":2},"end":{"line":5,"column":64}},"3":{"start":{"line":7,"column":30},"end":{"line":15,"column":21}},"4":{"start":{"line":8,"column":2},"end":{"line":15,"column":21}},"5":{"start":{"line":17,"column":24},"end":{"line":17,"column":71}},"6":{"start":{"line":17,"column":30},"end":{"line":17,"column":71}},"7":{"start":{"line":19,"column":28},"end":{"line":26,"column":1}},"8":{"start":{"line":20,"column":21},"end":{"line":23,"column":3}},"9":{"start":{"line":25,"column":2},"end":{"line":25,"column":40}},"10":{"start":{"line":28,"column":30},"end":{"line":29,"column":59}},"11":{"start":{"line":29,"column":2},"end":{"line":29,"column":59}}},"fnMap":{"0":{"name":"(anonymous_0)","decl":{"start":{"line":4,"column":24},"end":{"line":4,"column":25}},"loc":{"start":{"line":5,"column":2},"end":{"line":5,"column":64}},"line":5},"1":{"name":"(anonymous_1)","decl":{"start":{"line":7,"column":30},"end":{"line":7,"column":31}},"loc":{"start":{"line":8,"column":2},"end":{"line":15,"column":21}},"line":8},"2":{"name":"(anonymous_2)","decl":{"start":{"line":17,"column":24},"end":{"line":17,"column":25}},"loc":{"start":{"line":17,"column":30},"end":{"line":17,"column":71}},"line":17},"3":{"name":"(anonymous_3)","decl":{"start":{"line":19,"column":28},"end":{"line":19,"column":29}},"loc":{"start":{"line":19,"column":41},"end":{"line":26,"column":1}},"line":19},"4":{"name":"(anonymous_4)","decl":{"start":{"line":28,"column":30},"end":{"line":28,"column":31}},"loc":{"start":{"line":29,"column":2},"end":{"line":29,"column":59}},"line":29}},"branchMap":{"0":{"loc":{"start":{"line":25,"column":9},"end":{"line":25,"column":39}},"type":"binary-expr","locations":[{"start":{"line":25,"column":9},"end":{"line":25,"column":28}},{"start":{"line":25,"column":32},"end":{"line":25,"column":39}}],"line":25},"1":{"loc":{"start":{"line":29,"column":2},"end":{"line":29,"column":59}},"type":"binary-expr","locations":[{"start":{"line":29,"column":2},"end":{"line":29,"column":13}},{"start":{"line":29,"column":17},"end":{"line":29,"column":59}}],"line":29}},"s":{"0":3,"1":3,"2":3,"3":3,"4":3,"5":3,"6":1,"7":3,"8":4,"9":4,"10":3,"11":3},"f":{"0":3,"1":3,"2":1,"3":4,"4":3},"b":{"0":[4,1],"1":[3,1]},"_coverageSchema":"1a1c01bbd47fc00a2c39e90264f33305004495a9","hash":"7e6851c98f2b0af4f891f1bc07fe2de5cf87bb5c"}
}
