TN:
SF:src/App.js
FN:17,App
FNF:1
FNH:1
FNDA:1,App
DA:18,1
LF:1
LH:1
BRF:0
BRH:0
end_of_record
TN:
SF:src/index.js
FNF:0
FNH:0
DA:7,1
LF:1
LH:1
BRF:0
BRH:0
end_of_record
TN:
SF:src/components/Breadcrumb/Breadcrumb.jsx
FN:6,(anonymous_0)
FN:10,(anonymous_1)
FN:12,(anonymous_2)
FNF:3
FNH:3
FNDA:11,(anonymous_0)
FNDA:9,(anonymous_1)
FNDA:6,(anonymous_2)
DA:6,5
DA:7,11
DA:8,11
DA:10,11
DA:11,9
DA:12,6
DA:13,2
DA:17,11
DA:24,5
DA:28,5
LF:10
LH:10
BRDA:11,0,0,2
BRDA:11,0,1,7
BRDA:11,1,0,9
BRDA:11,1,1,3
BRDA:19,2,0,11
BRDA:19,2,1,10
BRDA:19,2,2,10
BRF:7
BRH:7
end_of_record
TN:
SF:src/components/Error/Error.jsx
FN:4,(anonymous_0)
FNF:1
FNH:1
FNDA:4,(anonymous_0)
DA:4,3
DA:5,4
LF:2
LH:2
BRF:0
BRH:0
end_of_record
TN:
SF:src/components/Loading/Loading.jsx
FN:5,(anonymous_0)
FNF:1
FNH:1
FNDA:3,(anonymous_0)
DA:5,4
DA:6,3
LF:2
LH:2
BRF:0
BRH:0
end_of_record
TN:
SF:src/components/ProductList/ProductList.jsx
FN:6,(anonymous_0)
FN:8,(anonymous_1)
FNF:2
FNH:2
FNDA:4,(anonymous_0)
FNDA:12,(anonymous_1)
DA:6,4
DA:9,12
DA:22,4
DA:34,4
LF:4
LH:4
BRDA:6,0,0,3
BRDA:6,0,1,1
BRDA:6,1,0,4
BRDA:6,1,1,3
BRF:4
BRH:4
end_of_record
TN:
SF:src/components/ProductListItem/ProductListItem.jsx
FN:7,(anonymous_0)
FN:11,(anonymous_1)
FNF:2
FNH:2
FNDA:14,(anonymous_0)
FNDA:2,(anonymous_1)
DA:7,5
DA:10,14
DA:11,14
DA:13,14
DA:38,5
DA:47,5
LF:6
LH:6
BRDA:24,0,0,14
BRDA:24,0,1,8
BRF:2
BRH:2
end_of_record
TN:
SF:src/components/SearchBar/SearchBar.jsx
FN:5,(anonymous_0)
FN:9,(anonymous_1)
FN:10,(anonymous_2)
FN:11,(anonymous_3)
FN:13,(anonymous_4)
FNF:5
FNH:5
FNDA:9,(anonymous_0)
FNDA:3,(anonymous_1)
FNDA:3,(anonymous_2)
FNDA:1,(anonymous_3)
FNDA:1,(anonymous_4)
DA:5,3
DA:6,9
DA:7,9
DA:9,9
DA:10,9
DA:11,9
DA:13,9
DA:14,1
DA:15,1
DA:16,1
DA:19,9
LF:11
LH:11
BRDA:9,0,0,3
BRDA:9,0,1,2
BRDA:11,1,0,1
BRDA:11,1,1,1
BRF:4
BRH:4
end_of_record
TN:
SF:src/context/globalContext.jsx
FN:7,(anonymous_0)
FN:11,(anonymous_1)
FN:19,(anonymous_2)
FN:29,(anonymous_3)
FNF:4
FNH:4
FNDA:15,(anonymous_0)
FNDA:3,(anonymous_1)
FNDA:14,(anonymous_2)
FNDA:24,(anonymous_3)
DA:5,5
DA:7,5
DA:8,15
DA:9,15
DA:11,15
DA:12,3
DA:13,3
DA:14,3
DA:16,3
DA:19,15
DA:26,15
DA:29,5
DA:30,24
DA:31,24
DA:32,1
DA:35,23
LF:16
LH:16
BRDA:31,0,0,1
BRDA:31,0,1,23
BRF:2
BRH:2
end_of_record
TN:
SF:src/pages/Home/Home.jsx
FN:4,(anonymous_0)
FNF:1
FNH:1
FNDA:1,(anonymous_0)
DA:4,2
DA:5,1
LF:2
LH:2
BRF:0
BRH:0
end_of_record
TN:
SF:src/pages/NotFound/NotFound.jsx
FN:4,(anonymous_0)
FNF:1
FNH:1
FNDA:1,(anonymous_0)
DA:4,3
DA:5,1
LF:2
LH:2
BRF:0
BRH:0
end_of_record
TN:
SF:src/pages/Product/Product.jsx
FN:14,(anonymous_0)
FN:20,(anonymous_1)
FN:21,(anonymous_2)
FN:23,(anonymous_3)
FNF:4
FNH:4
FNDA:7,(anonymous_0)
FNDA:2,(anonymous_1)
FNDA:2,(anonymous_2)
FNDA:2,(anonymous_3)
DA:14,3
DA:15,7
DA:16,7
DA:17,7
DA:18,7
DA:20,7
DA:21,2
DA:22,2
DA:23,2
DA:26,2
DA:27,1
DA:30,2
DA:33,7
LF:13
LH:13
BRDA:26,0,0,1
BRDA:26,0,1,1
BRDA:30,1,0,2
BRDA:30,1,1,2
BRDA:35,2,0,2
BRDA:35,2,1,5
BRDA:40,3,0,5
BRDA:40,3,1,1
BRF:8
BRH:8
end_of_record
TN:
SF:src/pages/Search/Search.jsx
FN:13,(anonymous_0)
FN:21,(anonymous_1)
FN:22,(anonymous_2)
FN:24,(anonymous_3)
FNF:4
FNH:4
FNDA:6,(anonymous_0)
FNDA:2,(anonymous_1)
FNDA:1,(anonymous_2)
FNDA:1,(anonymous_3)
DA:13,3
DA:14,6
DA:15,6
DA:17,6
DA:18,6
DA:19,6
DA:21,6
DA:22,2
DA:23,1
DA:24,1
DA:27,1
DA:28,1
DA:31,2
DA:34,6
LF:14
LH:14
BRDA:19,0,0,6
BRDA:19,0,1,5
BRDA:31,1,0,1
BRDA:31,1,1,1
BRDA:31,2,0,2
BRDA:31,2,1,1
BRDA:36,3,0,6
BRDA:36,3,1,1
BRDA:37,4,0,2
BRDA:37,4,1,4
BRDA:37,5,0,6
BRDA:37,5,1,6
BRF:12
BRH:12
end_of_record
TN:
SF:src/utils/index.js
FN:5,(anonymous_0)
FN:7,(anonymous_1)
FN:19,(anonymous_2)
FN:21,(anonymous_3)
FN:30,(anonymous_4)
FNF:5
FNH:5
FNDA:3,(anonymous_0)
FNDA:19,(anonymous_1)
FNDA:1,(anonymous_2)
FNDA:4,(anonymous_3)
FNDA:3,(anonymous_4)
DA:3,7
DA:5,7
DA:7,19
DA:19,7
DA:21,7
DA:22,4
DA:27,4
DA:30,7
LF:8
LH:8
BRDA:27,0,0,4
BRDA:27,0,1,1
BRDA:30,1,0,3
BRDA:30,1,1,1
BRF:4
BRH:4
end_of_record
