TN:
SF:src/App.jsx
FN:17,App
FNF:1
FNH:0
FNDA:0,App
DA:18,0
LF:1
LH:0
BRF:0
BRH:0
end_of_record
TN:
SF:src/index.jsx
FNF:0
FNH:0
DA:7,0
LF:1
LH:0
BRF:0
BRH:0
end_of_record
TN:
SF:src/context/globalContext.jsx
FN:7,(anonymous_0)
FN:11,(anonymous_1)
FN:19,(anonymous_2)
FN:29,(anonymous_3)
FNF:4
FNH:4
FNDA:14,(anonymous_0)
FNDA:3,(anonymous_1)
FNDA:13,(anonymous_2)
FNDA:24,(anonymous_3)
DA:5,3
DA:7,3
DA:8,14
DA:9,14
DA:11,14
DA:12,3
DA:13,3
DA:14,3
DA:16,3
DA:19,14
DA:26,14
DA:29,3
DA:30,24
DA:31,24
DA:32,1
DA:35,23
LF:16
LH:16
BRDA:31,0,0,1
BRDA:31,0,1,23
BRF:2
BRH:2
end_of_record
TN:
SF:src/utils/index.js
FN:5,(anonymous_0)
FN:7,(anonymous_1)
FN:16,(anonymous_2)
FN:18,(anonymous_3)
FN:27,(anonymous_4)
FNF:5
FNH:5
FNDA:3,(anonymous_0)
FNDA:3,(anonymous_1)
FNDA:1,(anonymous_2)
FNDA:4,(anonymous_3)
FNDA:3,(anonymous_4)
DA:3,3
DA:5,3
DA:7,3
DA:16,3
DA:18,3
DA:19,4
DA:24,4
DA:27,3
LF:8
LH:8
BRDA:24,0,0,4
BRDA:24,0,1,1
BRDA:27,1,0,3
BRDA:27,1,1,1
BRF:4
BRH:4
end_of_record
